\BOOKMARK [1][-]{Doc-Start}{\376\377\000R\000e\000s\000u\000m\000e\000n}{}% 1
\BOOKMARK [1][-]{Doc-Start}{\376\377\000A\000b\000s\000t\000r\000a\000c\000t}{}% 2
\BOOKMARK [1][-]{Doc-Start}{\376\377\000I\000n\000f\000o\000r\000m\000a\000c\000i\000\363\000n\000\040\000G\000e\000n\000e\000r\000a\000l\000\040\000d\000e\000l\000\040\000T\000r\000a\000b\000a\000j\000o\000\040\000d\000e\000\040\000G\000r\000a\000d\000o}{}% 3
\BOOKMARK [2][-]{section*.1}{\376\377\000I\000n\000t\000e\000g\000r\000a\000n\000t\000e\000s\000\040\000d\000e\000l\000\040\000P\000r\000o\000y\000e\000c\000t\000o}{Doc-Start}% 4
\BOOKMARK [2][-]{section*.1}{\376\377\000D\000a\000t\000o\000s\000\040\000E\000s\000p\000e\000c\000\355\000f\000i\000c\000o\000s\000\040\000d\000e\000l\000\040\000P\000r\000o\000y\000e\000c\000t\000o}{Doc-Start}% 5
\BOOKMARK [1][-]{section*.1}{\376\377\000I\000n\000t\000r\000o\000d\000u\000c\000c\000i\000\363\000n}{}% 6
\BOOKMARK [1][-]{section*.1}{\376\377\000I\000n\000t\000r\000o\000d\000u\000c\000c\000i\000\363\000n}{}% 7
\BOOKMARK [2][-]{section*.2}{\376\377\000P\000l\000a\000n\000t\000e\000a\000m\000i\000e\000n\000t\000o\000\040\000d\000e\000l\000\040\000P\000r\000o\000b\000l\000e\000m\000a}{section*.1}% 8
\BOOKMARK [2][-]{section*.2}{\376\377\000P\000l\000a\000n\000t\000e\000a\000m\000i\000e\000n\000t\000o\000\040\000d\000e\000l\000\040\000P\000r\000o\000b\000l\000e\000m\000a}{section*.1}% 9
\BOOKMARK [2][-]{section*.2}{\376\377\000J\000u\000s\000t\000i\000f\000i\000c\000a\000c\000i\000\363\000n}{section*.1}% 10
\BOOKMARK [2][-]{section*.2}{\376\377\000J\000u\000s\000t\000i\000f\000i\000c\000a\000c\000i\000\363\000n}{section*.1}% 11
\BOOKMARK [3][-]{section*.3}{\376\377\000R\000e\000n\000d\000i\000m\000i\000e\000n\000t\000o\000\040\000d\000e\000\040\000C\000P\000U\000:\000\040\000W\000A\000S\000M\000\040\000f\000r\000e\000n\000t\000e\000\040\000a\000\040\000J\000a\000v\000a\000S\000c\000r\000i\000p\000t}{section*.2}% 12
\BOOKMARK [3][-]{section*.3}{\376\377\000R\000e\000n\000d\000i\000m\000i\000e\000n\000t\000o\000\040\000d\000e\000\040\000C\000P\000U\000:\000\040\000W\000A\000S\000M\000\040\000f\000r\000e\000n\000t\000e\000\040\000a\000\040\000J\000a\000v\000a\000S\000c\000r\000i\000p\000t}{section*.2}% 13
\BOOKMARK [3][-]{section*.3}{\376\377\000P\000i\000p\000e\000l\000i\000n\000e\000\040\000d\000e\000\040\000A\000s\000s\000e\000t\000s\000\040\000I\000n\000t\000e\000g\000r\000a\000d\000o}{section*.2}% 14
\BOOKMARK [3][-]{section*.3}{\376\377\000P\000i\000p\000e\000l\000i\000n\000e\000\040\000d\000e\000\040\000A\000s\000s\000e\000t\000s\000\040\000I\000n\000t\000e\000g\000r\000a\000d\000o}{section*.2}% 15
\BOOKMARK [3][-]{section*.3}{\376\377\000O\000p\000t\000i\000m\000i\000z\000a\000c\000i\000o\000n\000e\000s\000\040\000G\000r\000\341\000f\000i\000c\000a\000s\000\040\000N\000a\000t\000i\000v\000a\000s}{section*.2}% 16
\BOOKMARK [3][-]{section*.3}{\376\377\000O\000p\000t\000i\000m\000i\000z\000a\000c\000i\000o\000n\000e\000s\000\040\000G\000r\000\341\000f\000i\000c\000a\000s\000\040\000N\000a\000t\000i\000v\000a\000s}{section*.2}% 17
\BOOKMARK [3][-]{section*.3}{\376\377\000H\000e\000r\000r\000a\000m\000i\000e\000n\000t\000a\000s\000\040\000V\000i\000s\000u\000a\000l\000e\000s\000\040\000p\000a\000r\000a\000\040\000A\000r\000t\000i\000s\000t\000a\000s\000\040\000T\000\351\000c\000n\000i\000c\000o\000s}{section*.2}% 18
\BOOKMARK [3][-]{section*.3}{\376\377\000H\000e\000r\000r\000a\000m\000i\000e\000n\000t\000a\000s\000\040\000V\000i\000s\000u\000a\000l\000e\000s\000\040\000p\000a\000r\000a\000\040\000A\000r\000t\000i\000s\000t\000a\000s\000\040\000T\000\351\000c\000n\000i\000c\000o\000s}{section*.2}% 19
\BOOKMARK [3][-]{section*.3}{\376\377\000E\000s\000c\000a\000l\000a\000b\000i\000l\000i\000d\000a\000d\000\040\000I\000n\000d\000u\000s\000t\000r\000i\000a\000l}{section*.2}% 20
\BOOKMARK [3][-]{section*.3}{\376\377\000E\000s\000c\000a\000l\000a\000b\000i\000l\000i\000d\000a\000d\000\040\000I\000n\000d\000u\000s\000t\000r\000i\000a\000l}{section*.2}% 21
\BOOKMARK [3][-]{section*.3}{\376\377\000A\000p\000o\000r\000t\000e\000\040\000a\000\040\000l\000a\000\040\000I\000n\000g\000e\000n\000i\000e\000r\000\355\000a\000\040\000M\000u\000l\000t\000i\000m\000e\000d\000i\000a}{section*.2}% 22
\BOOKMARK [3][-]{section*.3}{\376\377\000A\000p\000o\000r\000t\000e\000\040\000a\000\040\000l\000a\000\040\000I\000n\000g\000e\000n\000i\000e\000r\000\355\000a\000\040\000M\000u\000l\000t\000i\000m\000e\000d\000i\000a}{section*.2}% 23
\BOOKMARK [2][-]{section*.3}{\376\377\000O\000b\000j\000e\000t\000i\000v\000o\000s}{section*.1}% 24
\BOOKMARK [2][-]{section*.3}{\376\377\000O\000b\000j\000e\000t\000i\000v\000o\000s}{section*.1}% 25
\BOOKMARK [3][-]{section*.4}{\376\377\000O\000b\000j\000e\000t\000i\000v\000o\000\040\000G\000e\000n\000e\000r\000a\000l}{section*.3}% 26
\BOOKMARK [3][-]{section*.4}{\376\377\000O\000b\000j\000e\000t\000i\000v\000o\000\040\000G\000e\000n\000e\000r\000a\000l}{section*.3}% 27
\BOOKMARK [3][-]{section*.4}{\376\377\000O\000b\000j\000e\000t\000i\000v\000o\000s\000\040\000E\000s\000p\000e\000c\000\355\000f\000i\000c\000o\000s}{section*.3}% 28
\BOOKMARK [3][-]{section*.4}{\376\377\000O\000b\000j\000e\000t\000i\000v\000o\000s\000\040\000E\000s\000p\000e\000c\000\355\000f\000i\000c\000o\000s}{section*.3}% 29
\BOOKMARK [2][-]{Item.4}{\376\377\000A\000l\000c\000a\000n\000c\000e\000\040\000y\000\040\000L\000i\000m\000i\000t\000a\000c\000i\000o\000n\000e\000s}{section*.1}% 30
\BOOKMARK [2][-]{Item.4}{\376\377\000A\000l\000c\000a\000n\000c\000e\000\040\000y\000\040\000L\000i\000m\000i\000t\000a\000c\000i\000o\000n\000e\000s}{section*.1}% 31
\BOOKMARK [1][-]{Item.4}{\376\377\000M\000a\000r\000c\000o\000\040\000d\000e\000\040\000R\000e\000f\000e\000r\000e\000n\000c\000i\000a}{}% 32
\BOOKMARK [1][-]{Item.4}{\376\377\000M\000a\000r\000c\000o\000\040\000d\000e\000\040\000R\000e\000f\000e\000r\000e\000n\000c\000i\000a}{}% 33
\BOOKMARK [2][-]{section*.5}{\376\377\000E\000s\000t\000a\000d\000o\000\040\000d\000e\000l\000\040\000A\000r\000t\000e}{Item.4}% 34
\BOOKMARK [2][-]{section*.5}{\376\377\000E\000s\000t\000a\000d\000o\000\040\000d\000e\000l\000\040\000A\000r\000t\000e}{Item.4}% 35
\BOOKMARK [3][-]{section*.6}{\376\377\000B\000e\000n\000c\000h\000m\000a\000r\000k\000i\000n\000g\000\040\000d\000e\000\040\000S\000o\000l\000u\000c\000i\000o\000n\000e\000s\000\040\000W\000e\000b\000\040\0003\000D}{section*.5}% 36
\BOOKMARK [3][-]{section*.6}{\376\377\000B\000e\000n\000c\000h\000m\000a\000r\000k\000i\000n\000g\000\040\000d\000e\000\040\000S\000o\000l\000u\000c\000i\000o\000n\000e\000s\000\040\000W\000e\000b\000\040\0003\000D}{section*.5}% 37
\BOOKMARK [4][-]{section*.7}{\376\377\000T\000h\000r\000e\000e\000.\000j\000s\000.}{section*.6}% 38
\BOOKMARK [4][-]{section*.7}{\376\377\000B\000a\000b\000y\000l\000o\000n\000.\000j\000s\000.}{section*.6}% 39
\BOOKMARK [4][-]{section*.7}{\376\377\000U\000n\000i\000t\000y\000\040\000W\000e\000b\000G\000L\000.}{section*.6}% 40
\BOOKMARK [4][-]{section*.7}{\376\377\000U\000n\000r\000e\000a\000l\000\040\000E\000n\000g\000i\000n\000e\000\040\000P\000i\000x\000e\000l\000\040\000S\000t\000r\000e\000a\000m\000i\000n\000g\000.}{section*.6}% 41
\BOOKMARK [4][-]{section*.7}{\376\377\000S\000p\000l\000i\000n\000e\000.}{section*.6}% 42
\BOOKMARK [4][-]{section*.7}{\376\377\000M\000a\000r\000m\000o\000s\000e\000t\000\040\000V\000i\000e\000w\000e\000r\000.}{section*.6}% 43
\BOOKMARK [4][-]{section*.7}{\376\377\000S\000k\000e\000t\000c\000h\000f\000a\000b\000.}{section*.6}% 44
\BOOKMARK [4][-]{section*.7}{\376\377\000P\000l\000a\000y\000C\000a\000n\000v\000a\000s\000.}{section*.6}% 45
\BOOKMARK [3][-]{table.caption.8}{\376\377\000G\000a\000p\000\040\000A\000n\000a\000l\000y\000s\000i\000s\000\040\000y\000\040\000S\000e\000l\000e\000c\000c\000i\000\363\000n\000\040\000d\000e\000\040\000U\000n\000i\000t\000y\000\040\000W\000e\000b\000G\000L}{section*.5}% 46
\BOOKMARK [3][-]{table.caption.8}{\376\377\000G\000a\000p\000\040\000A\000n\000a\000l\000y\000s\000i\000s\000\040\000y\000\040\000S\000e\000l\000e\000c\000c\000i\000\363\000n\000\040\000d\000e\000\040\000U\000n\000i\000t\000y\000\040\000W\000e\000b\000G\000L}{section*.5}% 47
\BOOKMARK [2][-]{table.caption.8}{\376\377\000M\000a\000r\000c\000o\000\040\000T\000e\000\363\000r\000i\000c\000o}{Item.4}% 48
\BOOKMARK [2][-]{table.caption.8}{\376\377\000M\000a\000r\000c\000o\000\040\000T\000e\000\363\000r\000i\000c\000o}{Item.4}% 49
\BOOKMARK [3][-]{section*.9}{\376\377\000T\000e\000o\000r\000\355\000a\000\040\000d\000e\000\040\000l\000a\000\040\000C\000a\000r\000g\000a\000\040\000C\000o\000g\000n\000i\000t\000i\000v\000a\000\040\000\050\000S\000w\000e\000l\000l\000e\000r\000,\000\040\0001\0009\0008\0008\000;\000\040\000S\000w\000e\000l\000l\000e\000r\000\040\000e\000t\000\040\000a\000l\000.\000,\000\040\0002\0000\0001\0009\000\051}{table.caption.8}% 50
\BOOKMARK [3][-]{section*.9}{\376\377\000T\000e\000o\000r\000\355\000a\000\040\000d\000e\000\040\000l\000a\000\040\000C\000a\000r\000g\000a\000\040\000C\000o\000g\000n\000i\000t\000i\000v\000a}{table.caption.8}% 51
\BOOKMARK [4][-]{section*.10}{\376\377\000C\000a\000r\000g\000a\000\040\000I\000n\000t\000r\000\355\000n\000s\000e\000c\000a\000\040\000\050\000I\000n\000t\000r\000i\000n\000s\000i\000c\000\040\000L\000o\000a\000d\000\051\000.}{section*.9}% 52
\BOOKMARK [4][-]{section*.10}{\376\377\000C\000a\000r\000g\000a\000\040\000E\000x\000t\000r\000\355\000n\000s\000e\000c\000a\000\040\000\050\000E\000x\000t\000r\000a\000n\000e\000o\000u\000s\000\040\000L\000o\000a\000d\000\051\000.}{section*.9}% 53
\BOOKMARK [4][-]{section*.10}{\376\377\000C\000a\000r\000g\000a\000\040\000G\000e\000r\000m\000a\000n\000a\000\040\000\050\000G\000e\000r\000m\000a\000n\000e\000\040\000L\000o\000a\000d\000\051\000.}{section*.9}% 54
\BOOKMARK [3][-]{section*.10}{\376\377\000N\000a\000v\000e\000g\000a\000c\000i\000\363\000n\000\040\000E\000s\000p\000a\000c\000i\000a\000l\000\040\000e\000\040\000I\000n\000t\000e\000r\000a\000c\000c\000i\000\363\000n\000\040\0003\000D}{table.caption.8}% 55
\BOOKMARK [3][-]{section*.10}{\376\377\000N\000a\000v\000e\000g\000a\000c\000i\000\363\000n\000\040\000E\000s\000p\000a\000c\000i\000a\000l\000\040\000e\000\040\000I\000n\000t\000e\000r\000a\000c\000c\000i\000\363\000n\000\040\0003\000D}{table.caption.8}% 56
\BOOKMARK [4][-]{section*.11}{\376\377\000C\000o\000g\000n\000i\000c\000i\000\363\000n\000\040\000D\000i\000s\000t\000r\000i\000b\000u\000i\000d\000a\000\040\000\050\000H\000u\000t\000c\000h\000i\000n\000s\000,\000\040\0001\0009\0009\0005\000\051\000.}{section*.10}% 57
\BOOKMARK [3][-]{section*.11}{\376\377\000H\000e\000u\000r\000\355\000s\000t\000i\000c\000a\000s\000\040\000d\000e\000\040\000U\000s\000a\000b\000i\000l\000i\000d\000a\000d\000\040\000\050\000N\000i\000e\000l\000s\000e\000n\000,\000\040\0001\0009\0009\0004\000\051}{table.caption.8}% 58
\BOOKMARK [3][-]{section*.11}{\376\377\000H\000e\000u\000r\000\355\000s\000t\000i\000c\000a\000s\000\040\000d\000e\000\040\000U\000s\000a\000b\000i\000l\000i\000d\000a\000d}{table.caption.8}% 59
\BOOKMARK [3][-]{Item.8}{\376\377\000R\000o\000t\000a\000c\000i\000\363\000n\000\040\000M\000e\000n\000t\000a\000l\000\040\000y\000\040\000V\000i\000s\000u\000a\000l\000i\000z\000a\000c\000i\000\363\000n\000\040\000E\000s\000p\000a\000c\000i\000a\000l}{table.caption.8}% 60
\BOOKMARK [3][-]{Item.8}{\376\377\000R\000o\000t\000a\000c\000i\000\363\000n\000\040\000M\000e\000n\000t\000a\000l\000\040\000y\000\040\000V\000i\000s\000u\000a\000l\000i\000z\000a\000c\000i\000\363\000n\000\040\000E\000s\000p\000a\000c\000i\000a\000l}{table.caption.8}% 61
\BOOKMARK [3][-]{Item.8}{\376\377\000P\000e\000r\000c\000e\000p\000c\000i\000\363\000n\000\040\000V\000i\000s\000u\000a\000l\000:\000\040\000P\000r\000i\000n\000c\000i\000p\000i\000o\000s\000\040\000d\000e\000\040\000G\000e\000s\000t\000a\000l\000t}{table.caption.8}% 62
\BOOKMARK [3][-]{Item.8}{\376\377\000P\000e\000r\000c\000e\000p\000c\000i\000\363\000n\000\040\000V\000i\000s\000u\000a\000l\000:\000\040\000P\000r\000i\000n\000c\000i\000p\000i\000o\000s\000\040\000d\000e\000\040\000G\000e\000s\000t\000a\000l\000t}{table.caption.8}% 63
\BOOKMARK [3][-]{Item.8}{\376\377\000F\000u\000n\000d\000a\000m\000e\000n\000t\000o\000s\000\040\000M\000a\000t\000e\000m\000\341\000t\000i\000c\000o\000s\000\040\000d\000e\000\040\000O\000p\000t\000i\000m\000i\000z\000a\000c\000i\000\363\000n\000\040\000G\000r\000\341\000f\000i\000c\000a}{table.caption.8}% 64
\BOOKMARK [3][-]{Item.8}{\376\377\000F\000u\000n\000d\000a\000m\000e\000n\000t\000o\000s\000\040\000M\000a\000t\000e\000m\000\341\000t\000i\000c\000o\000s\000\040\000d\000e\000\040\000O\000p\000t\000i\000m\000i\000z\000a\000c\000i\000\363\000n\000\040\000G\000r\000\341\000f\000i\000c\000a}{table.caption.8}% 65
\BOOKMARK [4][-]{section*.12}{\376\377\000P\000r\000e\000s\000u\000p\000u\000e\000s\000t\000o\000\040\000P\000o\000l\000i\000g\000o\000n\000a\000l\000.}{Item.8}% 66
\BOOKMARK [4][-]{section*.12}{\376\377\000D\000e\000n\000s\000i\000d\000a\000d\000\040\000d\000e\000\040\000T\000e\000x\000e\000l\000\040\000C\000o\000n\000s\000i\000s\000t\000e\000n\000t\000e\000.}{Item.8}% 67
\BOOKMARK [4][-]{section*.12}{\376\377\000R\000e\000d\000u\000c\000c\000i\000\363\000n\000\040\000d\000e\000\040\000D\000r\000a\000w\000\040\000C\000a\000l\000l\000s\000\040\000\050\000G\000P\000U\000\040\000I\000n\000s\000t\000a\000n\000c\000i\000n\000g\000\051\000.}{Item.8}% 68
\BOOKMARK [4][-]{section*.12}{\376\377\000F\000r\000a\000m\000e\000\040\000T\000i\000m\000e\000\040\000B\000u\000d\000g\000e\000t\000.}{Item.8}% 69
\BOOKMARK [3][-]{section*.12}{\376\377\000M\000o\000d\000e\000l\000o\000\040\000M\000a\000t\000e\000m\000\341\000t\000i\000c\000o\000\040\000d\000e\000\040\000R\000e\000n\000d\000e\000r\000i\000z\000a\000d\000o\000\040\000F\000\355\000s\000i\000c\000a\000m\000e\000n\000t\000e\000\040\000B\000a\000s\000a\000d\000o\000\040\000\050\000P\000B\000R\000\051}{table.caption.8}% 70
\BOOKMARK [3][-]{section*.12}{\376\377\000M\000o\000d\000e\000l\000o\000\040\000M\000a\000t\000e\000m\000\341\000t\000i\000c\000o\000\040\000d\000e\000\040\000R\000e\000n\000d\000e\000r\000i\000z\000a\000d\000o\000\040\000F\000\355\000s\000i\000c\000a\000m\000e\000n\000t\000e\000\040\000B\000a\000s\000a\000d\000o}{table.caption.8}% 71
\BOOKMARK [4][-]{section*.13}{\376\377\000B\000R\000D\000F\000\040\000d\000e\000\040\000C\000o\000o\000k\000-\000T\000o\000r\000r\000a\000n\000c\000e\000\040\000\050\0001\0009\0008\0002\000\051\000.}{section*.12}% 72
\BOOKMARK [4][-]{section*.13}{\376\377\000A\000p\000r\000o\000x\000i\000m\000a\000c\000i\000\363\000n\000\040\000d\000e\000\040\000F\000r\000e\000s\000n\000e\000l\000\040\000\050\000S\000c\000h\000l\000i\000c\000k\000,\000\040\0001\0009\0009\0004\000\051\000.}{section*.12}% 73
\BOOKMARK [4][-]{section*.13}{\376\377\000D\000i\000s\000t\000r\000i\000b\000u\000c\000i\000\363\000n\000\040\000G\000G\000X\000\040\000\050\000W\000a\000l\000t\000e\000r\000\040\000e\000t\000\040\000a\000l\000.\000,\000\040\0002\0000\0000\0007\000\051\000.}{section*.12}% 74
\BOOKMARK [4][-]{section*.13}{\376\377\000M\000o\000d\000e\000l\000o\000\040\000D\000i\000s\000n\000e\000y\000\040\000\050\000B\000u\000r\000l\000e\000y\000,\000\040\0002\0000\0001\0002\000\051\000.}{section*.12}% 75
\BOOKMARK [4][-]{section*.13}{\376\377\000I\000l\000u\000m\000i\000n\000a\000c\000i\000\363\000n\000\040\000B\000a\000s\000a\000d\000a\000\040\000e\000n\000\040\000I\000m\000\341\000g\000e\000n\000e\000s\000\040\000\050\000I\000B\000L\000\051\000.}{section*.12}% 76
\BOOKMARK [2][-]{section*.13}{\376\377\000M\000a\000r\000c\000o\000\040\000C\000o\000n\000c\000e\000p\000t\000u\000a\000l}{Item.4}% 77
\BOOKMARK [2][-]{section*.13}{\376\377\000M\000a\000r\000c\000o\000\040\000C\000o\000n\000c\000e\000p\000t\000u\000a\000l}{Item.4}% 78
\BOOKMARK [1][-]{section*.13}{\376\377\000M\000a\000r\000c\000o\000\040\000M\000e\000t\000o\000d\000o\000l\000\363\000g\000i\000c\000o}{}% 79
\BOOKMARK [1][-]{section*.13}{\376\377\000M\000a\000r\000c\000o\000\040\000M\000e\000t\000o\000d\000o\000l\000\363\000g\000i\000c\000o}{}% 80
\BOOKMARK [2][-]{section*.14}{\376\377\000T\000i\000p\000o\000\040\000y\000\040\000E\000n\000f\000o\000q\000u\000e\000\040\000d\000e\000\040\000I\000n\000v\000e\000s\000t\000i\000g\000a\000c\000i\000\363\000n}{section*.13}% 81
\BOOKMARK [2][-]{section*.14}{\376\377\000T\000i\000p\000o\000\040\000y\000\040\000E\000n\000f\000o\000q\000u\000e\000\040\000d\000e\000\040\000I\000n\000v\000e\000s\000t\000i\000g\000a\000c\000i\000\363\000n}{section*.13}% 82
\BOOKMARK [2][-]{Item.14}{\376\377\000F\000a\000s\000e\000s\000\040\000d\000e\000\040\000D\000e\000s\000a\000r\000r\000o\000l\000l\000o}{section*.13}% 83
\BOOKMARK [2][-]{Item.14}{\376\377\000F\000a\000s\000e\000s\000\040\000d\000e\000\040\000D\000e\000s\000a\000r\000r\000o\000l\000l\000o}{section*.13}% 84
\BOOKMARK [3][-]{section*.15}{\376\377\000S\000p\000r\000i\000n\000t\000\040\0001\000:\000\040\000A\000n\000\341\000l\000i\000s\000i\000s\000\040\000y\000\040\000F\000u\000n\000d\000a\000m\000e\000n\000t\000a\000c\000i\000\363\000n\000\040\000T\000\351\000c\000n\000i\000c\000a\000\040\000\050\000S\000e\000m\000a\000n\000a\000s\000\040\0001\040\023\0004\000\051}{Item.14}% 85
\BOOKMARK [3][-]{section*.15}{\376\377\000S\000p\000r\000i\000n\000t\000\040\0001\000:\000\040\000A\000n\000\341\000l\000i\000s\000i\000s\000\040\000y\000\040\000F\000u\000n\000d\000a\000m\000e\000n\000t\000a\000c\000i\000\363\000n}{Item.14}% 86
\BOOKMARK [3][-]{section*.15}{\376\377\000S\000p\000r\000i\000n\000t\000\040\0002\000:\000\040\000P\000i\000p\000e\000l\000i\000n\000e\000\040\000d\000e\000\040\000A\000r\000t\000e\000\040\000T\000\351\000c\000n\000i\000c\000o\000\040\000\050\000S\000e\000m\000a\000n\000a\000s\000\040\0005\040\023\0008\000\051}{Item.14}% 87
\BOOKMARK [3][-]{section*.15}{\376\377\000S\000p\000r\000i\000n\000t\000\040\0002\000:\000\040\000P\000i\000p\000e\000l\000i\000n\000e\000\040\000d\000e\000\040\000A\000r\000t\000e\000\040\000T\000\351\000c\000n\000i\000c\000o}{Item.14}% 88
\BOOKMARK [3][-]{section*.15}{\376\377\000S\000p\000r\000i\000n\000t\000\040\0003\000:\000\040\000I\000n\000g\000e\000n\000i\000e\000r\000\355\000a\000\040\000e\000\040\000I\000m\000p\000l\000e\000m\000e\000n\000t\000a\000c\000i\000\363\000n\000\040\000\050\000S\000e\000m\000a\000n\000a\000s\000\040\0009\040\023\0001\0006\000\051}{Item.14}% 89
\BOOKMARK [3][-]{section*.15}{\376\377\000S\000p\000r\000i\000n\000t\000\040\0003\000:\000\040\000I\000n\000g\000e\000n\000i\000e\000r\000\355\000a\000\040\000e\000\040\000I\000m\000p\000l\000e\000m\000e\000n\000t\000a\000c\000i\000\363\000n}{Item.14}% 90
\BOOKMARK [3][-]{section*.15}{\376\377\000S\000p\000r\000i\000n\000t\000\040\0004\000:\000\040\000V\000a\000l\000i\000d\000a\000c\000i\000\363\000n\000\040\000y\000\040\000D\000e\000s\000p\000l\000i\000e\000g\000u\000e\000\040\000\050\000S\000e\000m\000a\000n\000a\000s\000\040\0001\0007\040\023\0002\0004\000\051}{Item.14}% 91
\BOOKMARK [3][-]{section*.15}{\376\377\000S\000p\000r\000i\000n\000t\000\040\0004\000:\000\040\000V\000a\000l\000i\000d\000a\000c\000i\000\363\000n\000\040\000y\000\040\000D\000e\000s\000p\000l\000i\000e\000g\000u\000e}{Item.14}% 92
\BOOKMARK [2][-]{section*.15}{\376\377\000H\000e\000r\000r\000a\000m\000i\000e\000n\000t\000a\000s\000\040\000y\000\040\000T\000e\000c\000n\000o\000l\000o\000g\000\355\000a\000s}{section*.13}% 93
\BOOKMARK [2][-]{section*.15}{\376\377\000H\000e\000r\000r\000a\000m\000i\000e\000n\000t\000a\000s\000\040\000y\000\040\000T\000e\000c\000n\000o\000l\000o\000g\000\355\000a\000s}{section*.13}% 94
\BOOKMARK [3][-]{table.caption.16}{\376\377\000D\000e\000s\000a\000r\000r\000o\000l\000l\000o\000\040\000A\000s\000i\000s\000t\000i\000d\000o\000\040\000p\000o\000r\000\040\000I\000A\000.}{section*.15}% 95
\BOOKMARK [2][-]{table.caption.16}{\376\377\000P\000o\000b\000l\000a\000c\000i\000\363\000n\000\040\000y\000\040\000M\000u\000e\000s\000t\000r\000a}{section*.13}% 96
\BOOKMARK [2][-]{table.caption.16}{\376\377\000P\000o\000b\000l\000a\000c\000i\000\363\000n\000\040\000y\000\040\000M\000u\000e\000s\000t\000r\000a}{section*.13}% 97
\BOOKMARK [3][-]{section*.17}{\376\377\000P\000o\000b\000l\000a\000c\000i\000\363\000n\000\040\000o\000b\000j\000e\000t\000i\000v\000o\000.}{table.caption.16}% 98
\BOOKMARK [4][-]{section*.17}{\376\377\000M\000u\000e\000s\000t\000r\000a\000.}{table.caption.16}% 99
\BOOKMARK [2][-]{section*.17}{\376\377\000I\000n\000s\000t\000r\000u\000m\000e\000n\000t\000o\000s\000\040\000d\000e\000\040\000V\000a\000l\000i\000d\000a\000c\000i\000\363\000n}{section*.13}% 100
\BOOKMARK [2][-]{section*.17}{\376\377\000I\000n\000s\000t\000r\000u\000m\000e\000n\000t\000o\000s\000\040\000d\000e\000\040\000V\000a\000l\000i\000d\000a\000c\000i\000\363\000n}{section*.13}% 101
\BOOKMARK [3][-]{section*.18}{\376\377\000M\000\351\000t\000r\000i\000c\000a\000s\000\040\000d\000e\000\040\000R\000e\000n\000d\000i\000m\000i\000e\000n\000t\000o\000\040\000T\000\351\000c\000n\000i\000c\000o\000\040\000\050\000K\000P\000I\000s\000\051}{section*.17}% 102
\BOOKMARK [3][-]{section*.18}{\376\377\000M\000\351\000t\000r\000i\000c\000a\000s\000\040\000d\000e\000\040\000R\000e\000n\000d\000i\000m\000i\000e\000n\000t\000o\000\040\000T\000\351\000c\000n\000i\000c\000o}{section*.17}% 103
\BOOKMARK [3][-]{Item.20}{\376\377\000S\000y\000s\000t\000e\000m\000\040\000U\000s\000a\000b\000i\000l\000i\000t\000y\000\040\000S\000c\000a\000l\000e\000\040\040\024\000\040\000S\000U\000S\000\040\000\050\000B\000r\000o\000o\000k\000e\000,\000\040\0001\0009\0009\0006\000\051}{section*.17}% 104
\BOOKMARK [3][-]{Item.20}{\376\377\000S\000y\000s\000t\000e\000m\000\040\000U\000s\000a\000b\000i\000l\000i\000t\000y\000\040\000S\000c\000a\000l\000e\000\040\000\050\000S\000U\000S\000\051}{section*.17}% 105
\BOOKMARK [3][-]{Item.24}{\376\377\000N\000A\000S\000A\000\040\000T\000a\000s\000k\000\040\000L\000o\000a\000d\000\040\000I\000n\000d\000e\000x\000\040\040\024\000\040\000N\000A\000S\000A\000-\000T\000L\000X\000\040\000\050\000H\000a\000r\000t\000\040\000\046\000\040\000S\000t\000a\000v\000e\000l\000a\000n\000d\000,\000\040\0001\0009\0008\0008\000\051}{section*.17}% 106
\BOOKMARK [3][-]{Item.24}{\376\377\000N\000A\000S\000A\000\040\000T\000a\000s\000k\000\040\000L\000o\000a\000d\000\040\000I\000n\000d\000e\000x\000\040\000\050\000N\000A\000S\000A\000-\000T\000L\000X\000\051}{section*.17}% 107
\BOOKMARK [4][-]{section*.19}{\376\377\000H\000i\000p\000\363\000t\000e\000s\000i\000s\000\040\000d\000e\000\040\000c\000o\000n\000t\000r\000a\000s\000t\000e\000.}{Item.24}% 108
\BOOKMARK [3][-]{section*.19}{\376\377\000P\000r\000o\000t\000o\000c\000o\000l\000o\000\040\000C\000o\000m\000p\000l\000e\000m\000e\000n\000t\000a\000r\000i\000o}{section*.17}% 109
\BOOKMARK [3][-]{section*.19}{\376\377\000P\000r\000o\000t\000o\000c\000o\000l\000o\000\040\000C\000o\000m\000p\000l\000e\000m\000e\000n\000t\000a\000r\000i\000o}{section*.17}% 110
\BOOKMARK [2][-]{section*.19}{\376\377\000C\000o\000n\000s\000i\000d\000e\000r\000a\000c\000i\000o\000n\000e\000s\000\040\000\311\000t\000i\000c\000a\000s}{section*.13}% 111
\BOOKMARK [2][-]{section*.19}{\376\377\000C\000o\000n\000s\000i\000d\000e\000r\000a\000c\000i\000o\000n\000e\000s\000\040\000\311\000t\000i\000c\000a\000s}{section*.13}% 112
\BOOKMARK [1][-]{section*.19}{\376\377\000D\000e\000s\000a\000r\000r\000o\000l\000l\000o\000\040\000e\000\040\000I\000m\000p\000l\000e\000m\000e\000n\000t\000a\000c\000i\000\363\000n}{}% 113
\BOOKMARK [1][-]{section*.19}{\376\377\000D\000e\000s\000a\000r\000r\000o\000l\000l\000o\000\040\000e\000\040\000I\000m\000p\000l\000e\000m\000e\000n\000t\000a\000c\000i\000\363\000n}{}% 114
\BOOKMARK [2][-]{section*.20}{\376\377\000A\000r\000q\000u\000i\000t\000e\000c\000t\000u\000r\000a\000\040\000d\000e\000l\000\040\000S\000i\000s\000t\000e\000m\000a}{section*.19}% 115
\BOOKMARK [2][-]{section*.20}{\376\377\000A\000r\000q\000u\000i\000t\000e\000c\000t\000u\000r\000a\000\040\000d\000e\000l\000\040\000S\000i\000s\000t\000e\000m\000a}{section*.19}% 116
\BOOKMARK [3][-]{Item.28}{\376\377\000P\000r\000i\000n\000c\000i\000p\000i\000o\000s\000\040\000A\000r\000q\000u\000i\000t\000e\000c\000t\000\363\000n\000i\000c\000o\000s}{section*.20}% 117
\BOOKMARK [3][-]{Item.28}{\376\377\000P\000r\000i\000n\000c\000i\000p\000i\000o\000s\000\040\000A\000r\000q\000u\000i\000t\000e\000c\000t\000\363\000n\000i\000c\000o\000s}{section*.20}% 118
\BOOKMARK [3][-]{table.caption.21}{\376\377\000P\000a\000t\000r\000o\000n\000e\000s\000\040\000d\000e\000\040\000D\000i\000s\000e\000\361\000o\000\040\000I\000m\000p\000l\000e\000m\000e\000n\000t\000a\000d\000o\000s}{section*.20}% 119
\BOOKMARK [3][-]{table.caption.21}{\376\377\000P\000a\000t\000r\000o\000n\000e\000s\000\040\000d\000e\000\040\000D\000i\000s\000e\000\361\000o\000\040\000I\000m\000p\000l\000e\000m\000e\000n\000t\000a\000d\000o\000s}{section*.20}% 120
\BOOKMARK [3][-]{table.caption.21}{\376\377\000F\000l\000u\000j\000o\000\040\000d\000e\000\040\000C\000o\000m\000u\000n\000i\000c\000a\000c\000i\000\363\000n}{section*.20}% 121
\BOOKMARK [3][-]{table.caption.21}{\376\377\000F\000l\000u\000j\000o\000\040\000d\000e\000\040\000C\000o\000m\000u\000n\000i\000c\000a\000c\000i\000\363\000n}{section*.20}% 122
\BOOKMARK [2][-]{table.caption.21}{\376\377\000S\000i\000s\000t\000e\000m\000a\000s\000\040\000C\000o\000r\000e\000\040\000I\000m\000p\000l\000e\000m\000e\000n\000t\000a\000d\000o\000s}{section*.19}% 123
\BOOKMARK [2][-]{table.caption.21}{\376\377\000S\000i\000s\000t\000e\000m\000a\000s\000\040\000C\000o\000r\000e\000\040\000I\000m\000p\000l\000e\000m\000e\000n\000t\000a\000d\000o\000s}{section*.19}% 124
\BOOKMARK [3][-]{section*.22}{\376\377\000S\000i\000s\000t\000e\000m\000a\000\040\000d\000e\000\040\000E\000s\000t\000a\000d\000o\000s\000\040\000\050\000A\000p\000p\000S\000t\000a\000t\000e\000M\000a\000c\000h\000i\000n\000e\000\051\000.}{table.caption.21}% 125
\BOOKMARK [4][-]{section*.22}{\376\377\000S\000i\000s\000t\000e\000m\000a\000\040\000d\000e\000\040\000E\000v\000e\000n\000t\000o\000s\000\040\000\050\000E\000v\000e\000n\000t\000B\000u\000s\000\051\000.}{table.caption.21}% 126
\BOOKMARK [4][-]{section*.22}{\376\377\000S\000i\000s\000t\000e\000m\000a\000\040\000d\000e\000\040\000S\000e\000l\000e\000c\000c\000i\000\363\000n\000\040\000\050\000S\000e\000l\000e\000c\000t\000i\000o\000n\000M\000a\000n\000a\000g\000e\000r\000\051\000.}{table.caption.21}% 127
\BOOKMARK [4][-]{section*.22}{\376\377\000V\000i\000s\000t\000a\000\040\000E\000x\000p\000l\000o\000s\000i\000o\000n\000a\000d\000a\000\040\000\050\000E\000x\000p\000l\000o\000d\000e\000d\000V\000i\000e\000w\000M\000a\000n\000a\000g\000e\000r\000\051\000.}{table.caption.21}% 128
\BOOKMARK [4][-]{section*.22}{\376\377\000C\000\341\000m\000a\000r\000a\000\040\000O\000r\000b\000i\000t\000a\000l\000\040\000\050\000O\000r\000b\000i\000t\000C\000a\000m\000e\000r\000a\000C\000o\000n\000t\000r\000o\000l\000l\000e\000r\000\051\000.}{table.caption.21}% 129
\BOOKMARK [4][-]{section*.22}{\376\377\000S\000i\000s\000t\000e\000m\000a\000\040\000d\000e\000\040\000I\000n\000p\000u\000t\000\040\000U\000n\000i\000f\000i\000c\000a\000d\000o\000\040\000\050\000I\000n\000p\000u\000t\000M\000a\000n\000a\000g\000e\000r\000\051\000.}{table.caption.21}% 130
\BOOKMARK [2][-]{section*.22}{\376\377\000M\000o\000d\000o\000s\000\040\000d\000e\000\040\000V\000i\000s\000u\000a\000l\000i\000z\000a\000c\000i\000\363\000n\000\040\000\050\000V\000i\000e\000w\000M\000o\000d\000e\000M\000a\000n\000a\000g\000e\000r\000\051}{section*.19}% 131
\BOOKMARK [2][-]{section*.22}{\376\377\000M\000o\000d\000o\000s\000\040\000d\000e\000\040\000V\000i\000s\000u\000a\000l\000i\000z\000a\000c\000i\000\363\000n}{section*.19}% 132
\BOOKMARK [2][-]{Item.35}{\376\377\000S\000i\000s\000t\000e\000m\000a\000\040\000d\000e\000\040\000I\000n\000t\000e\000r\000f\000a\000z\000\040\000d\000e\000\040\000U\000s\000u\000a\000r\000i\000o}{section*.19}% 133
\BOOKMARK [2][-]{Item.35}{\376\377\000S\000i\000s\000t\000e\000m\000a\000\040\000d\000e\000\040\000I\000n\000t\000e\000r\000f\000a\000z\000\040\000d\000e\000\040\000U\000s\000u\000a\000r\000i\000o}{section*.19}% 134
\BOOKMARK [3][-]{section*.23}{\376\377\000C\000o\000m\000p\000o\000n\000e\000n\000t\000e\000s\000\040\000P\000r\000i\000n\000c\000i\000p\000a\000l\000e\000s}{Item.35}% 135
\BOOKMARK [3][-]{section*.23}{\376\377\000C\000o\000m\000p\000o\000n\000e\000n\000t\000e\000s\000\040\000P\000r\000i\000n\000c\000i\000p\000a\000l\000e\000s}{Item.35}% 136
\BOOKMARK [3][-]{section*.23}{\376\377\000D\000e\000s\000i\000g\000n\000\040\000S\000y\000s\000t\000e\000m}{Item.35}% 137
\BOOKMARK [3][-]{section*.23}{\376\377\000D\000e\000s\000i\000g\000n\000\040\000S\000y\000s\000t\000e\000m}{Item.35}% 138
\BOOKMARK [2][-]{section*.23}{\376\377\000C\000a\000t\000\341\000l\000o\000g\000o\000\040\000y\000\040\000G\000e\000s\000t\000i\000\363\000n\000\040\000d\000e\000\040\000P\000i\000e\000z\000a\000s}{section*.19}% 139
\BOOKMARK [2][-]{section*.23}{\376\377\000C\000a\000t\000\341\000l\000o\000g\000o\000\040\000y\000\040\000G\000e\000s\000t\000i\000\363\000n\000\040\000d\000e\000\040\000P\000i\000e\000z\000a\000s}{section*.19}% 140
\BOOKMARK [3][-]{section*.24}{\376\377\000M\000o\000d\000e\000l\000o\000\040\000d\000e\000\040\000R\000e\000f\000e\000r\000e\000n\000c\000i\000a\000:\000\040\000H\000o\000l\000y\000b\000r\000o\000\040\000X\0005\0000\0000\000\040\000V\0002}{section*.23}% 141
\BOOKMARK [3][-]{section*.24}{\376\377\000M\000o\000d\000e\000l\000o\000\040\000d\000e\000\040\000R\000e\000f\000e\000r\000e\000n\000c\000i\000a\000:\000\040\000H\000o\000l\000y\000b\000r\000o\000\040\000X\0005\0000\0000\000\040\000V\0002}{section*.23}% 142
