\BOOKMARK [1][-]{section.1}{\376\377\000I\000n\000t\000r\000o\000d\000u\000c\000c\000i\000\363\000n}{}% 1
\BOOKMARK [2][-]{subsection.1.1}{\376\377\000A\000l\000c\000a\000n\000c\000e\000\040\000d\000e\000l\000\040\000D\000o\000c\000u\000m\000e\000n\000t\000o}{section.1}% 2
\BOOKMARK [1][-]{section.2}{\376\377\000A\000r\000q\000u\000i\000t\000e\000c\000t\000u\000r\000a\000\040\000d\000e\000l\000\040\000S\000i\000s\000t\000e\000m\000a}{}% 3
\BOOKMARK [2][-]{subsection.2.1}{\376\377\000S\000t\000a\000c\000k\000\040\000T\000e\000c\000n\000o\000l\000\363\000g\000i\000c\000o}{section.2}% 4
\BOOKMARK [2][-]{subsection.2.2}{\376\377\000P\000a\000t\000r\000o\000n\000e\000s\000\040\000d\000e\000\040\000D\000i\000s\000e\000\361\000o\000\040\000I\000m\000p\000l\000e\000m\000e\000n\000t\000a\000d\000o\000s}{section.2}% 5
\BOOKMARK [2][-]{subsection.2.3}{\376\377\000D\000i\000a\000g\000r\000a\000m\000a\000\040\000d\000e\000\040\000A\000r\000q\000u\000i\000t\000e\000c\000t\000u\000r\000a}{section.2}% 6
\BOOKMARK [1][-]{section.3}{\376\377\000E\000s\000t\000r\000u\000c\000t\000u\000r\000a\000\040\000d\000e\000l\000\040\000P\000r\000o\000y\000e\000c\000t\000o}{}% 7
\BOOKMARK [1][-]{section.4}{\376\377\000S\000i\000s\000t\000e\000m\000a\000s\000\040\000P\000r\000i\000n\000c\000i\000p\000a\000l\000e\000s}{}% 8
\BOOKMARK [2][-]{subsection.4.1}{\376\377\000C\000o\000r\000e\000\040\000M\000a\000n\000a\000g\000e\000r\000s\000\040\000\050\0002\0005\000+\000\040\000S\000c\000r\000i\000p\000t\000s\000\051}{section.4}% 9
\BOOKMARK [3][-]{subsubsection.4.1.1}{\376\377\000A\000p\000p\000S\000t\000a\000t\000e\000M\000a\000c\000h\000i\000n\000e\000.\000c\000s}{subsection.4.1}% 10
\BOOKMARK [3][-]{subsubsection.4.1.2}{\376\377\000E\000v\000e\000n\000t\000B\000u\000s\000.\000c\000s}{subsection.4.1}% 11
\BOOKMARK [3][-]{subsubsection.4.1.3}{\376\377\000S\000e\000l\000e\000c\000t\000i\000o\000n\000M\000a\000n\000a\000g\000e\000r\000.\000c\000s}{subsection.4.1}% 12
\BOOKMARK [3][-]{subsubsection.4.1.4}{\376\377\000V\000i\000e\000w\000M\000o\000d\000e\000M\000a\000n\000a\000g\000e\000r\000.\000c\000s}{subsection.4.1}% 13
\BOOKMARK [3][-]{subsubsection.4.1.5}{\376\377\000P\000a\000r\000t\000C\000a\000t\000a\000l\000o\000g\000M\000a\000n\000a\000g\000e\000r\000.\000c\000s}{subsection.4.1}% 14
\BOOKMARK [3][-]{subsubsection.4.1.6}{\376\377\000P\000a\000r\000t\000V\000i\000s\000i\000b\000i\000l\000i\000t\000y\000M\000a\000n\000a\000g\000e\000r\000.\000c\000s}{subsection.4.1}% 15
\BOOKMARK [3][-]{subsubsection.4.1.7}{\376\377\000C\000r\000o\000s\000s\000S\000e\000c\000t\000i\000o\000n\000M\000a\000n\000a\000g\000e\000r\000.\000c\000s}{subsection.4.1}% 16
\BOOKMARK [3][-]{subsubsection.4.1.8}{\376\377\000U\000I\000D\000e\000t\000a\000i\000l\000s\000S\000h\000e\000e\000t\000.\000c\000s}{subsection.4.1}% 17
\BOOKMARK [3][-]{subsubsection.4.1.9}{\376\377\000D\000r\000o\000n\000e\000S\000t\000a\000t\000e\000C\000o\000n\000t\000r\000o\000l\000l\000e\000r\000.\000c\000s}{subsection.4.1}% 18
\BOOKMARK [3][-]{subsubsection.4.1.10}{\376\377\000M\000o\000d\000u\000l\000a\000r\000P\000a\000r\000t\000s\000S\000y\000s\000t\000e\000m\000.\000c\000s}{subsection.4.1}% 19
\BOOKMARK [2][-]{subsection.4.2}{\376\377\000H\000e\000r\000r\000a\000m\000i\000e\000n\000t\000a\000s\000\040\000d\000e\000\040\000E\000n\000s\000a\000m\000b\000l\000a\000j\000e\000\040\000\050\000P\000r\000o\000y\000e\000c\000t\000a\000d\000a\000s\000\051}{section.4}% 20
\BOOKMARK [3][-]{subsubsection.4.2.1}{\376\377\000A\000s\000s\000e\000m\000b\000l\000y\000G\000u\000i\000d\000e\000M\000a\000n\000a\000g\000e\000r\000.\000c\000s}{subsection.4.2}% 21
\BOOKMARK [3][-]{subsubsection.4.2.2}{\376\377\000M\000e\000a\000s\000u\000r\000e\000m\000e\000n\000t\000T\000o\000o\000l\000.\000c\000s}{subsection.4.2}% 22
\BOOKMARK [3][-]{subsubsection.4.2.3}{\376\377\000C\000o\000n\000n\000e\000c\000t\000i\000o\000n\000P\000o\000i\000n\000t\000s\000V\000i\000e\000w\000e\000r\000.\000c\000s}{subsection.4.2}% 23
\BOOKMARK [3][-]{subsubsection.4.2.4}{\376\377\000B\000i\000l\000l\000O\000f\000M\000a\000t\000e\000r\000i\000a\000l\000s\000M\000a\000n\000a\000g\000e\000r\000.\000c\000s}{subsection.4.2}% 24
\BOOKMARK [3][-]{subsubsection.4.2.5}{\376\377\000A\000n\000n\000o\000t\000a\000t\000i\000o\000n\000S\000y\000s\000t\000e\000m\000.\000c\000s}{subsection.4.2}% 25
\BOOKMARK [3][-]{subsubsection.4.2.6}{\376\377\000A\000s\000s\000e\000m\000b\000l\000y\000C\000h\000e\000c\000k\000l\000i\000s\000t\000.\000c\000s}{subsection.4.2}% 26
\BOOKMARK [2][-]{subsection.4.3}{\376\377\000S\000i\000s\000t\000e\000m\000a\000s\000\040\000d\000e\000\040\000A\000u\000d\000i\000o\000\040\000y\000\040\000V\000i\000s\000u\000a\000l}{section.4}% 27
\BOOKMARK [3][-]{subsubsection.4.3.1}{\376\377\000A\000u\000d\000i\000o\000M\000a\000n\000a\000g\000e\000r\000.\000c\000s}{subsection.4.3}% 28
\BOOKMARK [3][-]{subsubsection.4.3.2}{\376\377\000Q\000u\000a\000l\000i\000t\000y\000M\000a\000n\000a\000g\000e\000r\000.\000c\000s}{subsection.4.3}% 29
\BOOKMARK [3][-]{subsubsection.4.3.3}{\376\377\000T\000w\000e\000e\000n\000E\000n\000g\000i\000n\000e\000.\000c\000s}{subsection.4.3}% 30
\BOOKMARK [3][-]{subsubsection.4.3.4}{\376\377\000N\000o\000t\000i\000f\000i\000c\000a\000t\000i\000o\000n\000M\000a\000n\000a\000g\000e\000r\000.\000c\000s}{subsection.4.3}% 31
\BOOKMARK [1][-]{section.5}{\376\377\000S\000c\000r\000i\000p\000t\000a\000b\000l\000e\000O\000b\000j\000e\000c\000t\000s}{}% 32
\BOOKMARK [2][-]{subsection.5.1}{\376\377\000D\000r\000o\000n\000e\000P\000a\000r\000t\000D\000a\000t\000a}{section.5}% 33
\BOOKMARK [2][-]{subsection.5.2}{\376\377\000A\000s\000s\000e\000m\000b\000l\000y\000G\000u\000i\000d\000e\000D\000a\000t\000a}{section.5}% 34
\BOOKMARK [1][-]{section.6}{\376\377\000C\000o\000m\000p\000i\000l\000a\000c\000i\000\363\000n\000\040\000y\000\040\000D\000e\000s\000p\000l\000i\000e\000g\000u\000e}{}% 35
\BOOKMARK [2][-]{subsection.6.1}{\376\377\000R\000e\000q\000u\000i\000s\000i\000t\000o\000s\000\040\000d\000e\000\040\000B\000u\000i\000l\000d}{section.6}% 36
\BOOKMARK [2][-]{subsection.6.2}{\376\377\000C\000o\000n\000f\000i\000g\000u\000r\000a\000c\000i\000\363\000n\000\040\000d\000e\000\040\000B\000u\000i\000l\000d}{section.6}% 37
\BOOKMARK [2][-]{subsection.6.3}{\376\377\000D\000e\000s\000p\000l\000i\000e\000g\000u\000e}{section.6}% 38
\BOOKMARK [1][-]{section.7}{\376\377\000E\000x\000t\000e\000n\000s\000i\000\363\000n\000\040\000d\000e\000l\000\040\000S\000i\000s\000t\000e\000m\000a}{}% 39
\BOOKMARK [2][-]{subsection.7.1}{\376\377\000A\000\361\000a\000d\000i\000r\000\040\000N\000u\000e\000v\000a\000\040\000P\000i\000e\000z\000a}{section.7}% 40
\BOOKMARK [2][-]{subsection.7.2}{\376\377\000A\000\361\000a\000d\000i\000r\000\040\000N\000u\000e\000v\000o\000\040\000M\000o\000d\000o\000\040\000d\000e\000\040\000V\000i\000s\000t\000a}{section.7}% 41
\BOOKMARK [2][-]{subsection.7.3}{\376\377\000A\000\361\000a\000d\000i\000r\000\040\000N\000u\000e\000v\000o\000\040\000M\000a\000n\000a\000g\000e\000r}{section.7}% 42
\BOOKMARK [1][-]{section.8}{\376\377\000R\000e\000s\000u\000m\000e\000n\000\040\000d\000e\000\040\000S\000c\000r\000i\000p\000t\000s}{}% 43
